#
# A fatal error has been detected by the Java Runtime Environment:
#
#  EXCEPTION_ACCESS_VIOLATION (0xc0000005) at pc=0x0000000063ecc183, pid=6372, tid=5828
#
# JRE version: Java(TM) SE Runtime Environment (8.0_45-b15) (build 1.8.0_45-b15)
# Java VM: Java HotSpot(TM) 64-Bit Server VM (25.45-b02 mixed mode windows-amd64 compressed oops)
# Problematic frame:
# C  [msvcr100.dll+0x3c183]
#
# Failed to write core dump. Minidumps are not enabled by default on client versions of Windows
#
# If you would like to submit a bug report, please visit:
#   http://bugreport.java.com/bugreport/crash.jsp
# The crash happened outside the Java Virtual Machine in native code.
# See problematic frame for where to report the bug.
#

---------------  T H R E A D  ---------------

Current thread (0x00000000025fd800):  JavaThread "main" [_thread_in_native, id=5828, stack(0x0000000002460000,0x0000000002560000)]

siginfo: ExceptionCode=0xc0000005, reading address 0x0000000000000000

Registers:
RAX=0x0000000000000000, RBX=0x0000000016c30b80, RCX=0x0000000016c30b80, RDX=0xffffffffe93cf480
RSP=0x000000000255f3b8, RBP=0x0000000000000000, RSI=0x00000000025fd9f8, RDI=0x0000000000000006
R8 =0x0000000000000001, R9 =0x00000000ebaef470, R10=0x0000000000000004, R11=0x0000000016c30b80
R12=0x000000000255f4b8, R13=0x000000000255f4b0, R14=0x000000000255f4b8, R15=0x00000000025fd800
RIP=0x0000000063ecc183, EFLAGS=0x0000000000010202

Top of Stack: (sp=0x000000000255f3b8)
0x000000000255f3b8:   00007ffe4fe89490 0000000000000006
0x000000000255f3c8:   0000000002715cc6 00000000025fd600
0x000000000255f3d8:   00000000025fd800 00000000147712b8
0x000000000255f3e8:   0000000000000000 0000000000000006
0x000000000255f3f8:   0000000002715e34 00000000147712b8
0x000000000255f408:   000000000255f480 0000000000000006
0x000000000255f418:   00000000147712b8 0000000000000001
0x000000000255f428:   00000000025fd800 000000000255f530
0x000000000255f438:   0000000002715b62 000000000255f440
0x000000000255f448:   00000000147712b8 000000000255f4b8
0x000000000255f458:   0000000014771dc8 0000000000000000
0x000000000255f468:   00000000147712b8 0000000000000000
0x000000000255f478:   000000000255f4a0 000000000255f500
0x000000000255f488:   0000000002707a70 00000000eb3f9150
0x000000000255f498:   000000000270f97b 0000000000000001
0x000000000255f4a8:   0000000002707730 00000000ebaef470 

Instructions: (pc=0x0000000063ecc183)
0x0000000063ecc163:   08 48 8b 04 0a 49 ff c9 48 89 01 75 f0 49 83 e0
0x0000000063ecc173:   07 4d 85 c0 75 07 49 8b c3 c3 0f 1f 00 48 ff c9
0x0000000063ecc183:   8a 04 0a 49 ff c8 88 01 75 f3 49 8b c3 c3 66 66
0x0000000063ecc193:   66 66 66 66 66 0f 1f 84 00 00 00 00 00 66 66 66 


Register to memory mapping:

RAX=0x0000000000000000 is an unknown value
RBX=0x0000000016c30b80 is an unknown value
RCX=0x0000000016c30b80 is an unknown value
RDX=0xffffffffe93cf480 is an unknown value
RSP=0x000000000255f3b8 is pointing into the stack for thread: 0x00000000025fd800
RBP=0x0000000000000000 is an unknown value
RSI=0x00000000025fd9f8 is an unknown value
RDI=0x0000000000000006 is an unknown value
R8 =0x0000000000000001 is an unknown value
R9 =0x00000000ebaef470 is an oop
org.bytedeco.javacpp.Pointer 
 - klass: 'org/bytedeco/javacpp/Pointer'
R10=0x0000000000000004 is an unknown value
R11=0x0000000016c30b80 is an unknown value
R12=0x000000000255f4b8 is pointing into the stack for thread: 0x00000000025fd800
R13=0x000000000255f4b0 is pointing into the stack for thread: 0x00000000025fd800
R14=0x000000000255f4b8 is pointing into the stack for thread: 0x00000000025fd800
R15=0x00000000025fd800 is a thread


Stack: [0x0000000002460000,0x0000000002560000],  sp=0x000000000255f3b8,  free space=1020k
Native frames: (J=compiled Java code, j=interpreted, Vv=VM code, C=native code)

Java frames: (J=compiled Java code, j=interpreted, Vv=VM code)
j  org.bytedeco.javacpp.Pointer.memcpy(Lorg/bytedeco/javacpp/Pointer;Lorg/bytedeco/javacpp/Pointer;J)Lorg/bytedeco/javacpp/Pointer;+0
j  org.bytedeco.javacpp.Pointer.put(Lorg/bytedeco/javacpp/Pointer;)Lorg/bytedeco/javacpp/Pointer;+124
j  Prueba.main([Ljava/lang/String;)V+31
v  ~StubRoutines::call_stub

---------------  P R O C E S S  ---------------

Java Threads: ( => current thread )
  0x0000000014d5e800 JavaThread "Service Thread" daemon [_thread_blocked, id=6068, stack(0x0000000016950000,0x0000000016a50000)]
  0x0000000014d0b800 JavaThread "C1 CompilerThread2" daemon [_thread_blocked, id=2176, stack(0x0000000016450000,0x0000000016550000)]
  0x0000000014d07800 JavaThread "C2 CompilerThread1" daemon [_thread_blocked, id=3344, stack(0x0000000016350000,0x0000000016450000)]
  0x0000000014d01000 JavaThread "C2 CompilerThread0" daemon [_thread_blocked, id=6328, stack(0x0000000016250000,0x0000000016350000)]
  0x0000000014d00000 JavaThread "Attach Listener" daemon [_thread_blocked, id=5912, stack(0x0000000016150000,0x0000000016250000)]
  0x0000000014cff000 JavaThread "Signal Dispatcher" daemon [_thread_blocked, id=5252, stack(0x0000000016050000,0x0000000016150000)]
  0x00000000026f8800 JavaThread "Finalizer" daemon [_thread_blocked, id=6296, stack(0x0000000015f50000,0x0000000016050000)]
  0x0000000014cc8800 JavaThread "Reference Handler" daemon [_thread_blocked, id=540, stack(0x0000000015e50000,0x0000000015f50000)]
=>0x00000000025fd800 JavaThread "main" [_thread_in_native, id=5828, stack(0x0000000002460000,0x0000000002560000)]

Other Threads:
  0x0000000014cc7000 VMThread [stack: 0x0000000015d50000,0x0000000015e50000] [id=6832]
  0x0000000016581800 WatcherThread [stack: 0x0000000016a50000,0x0000000016b50000] [id=1404]

VM state:not at safepoint (normal execution)

VM Mutex/Monitor currently owned by a thread: None

Heap:
 PSYoungGen      total 18944K, used 9250K [0x00000000eb200000, 0x00000000ec700000, 0x0000000100000000)
  eden space 16384K, 56% used [0x00000000eb200000,0x00000000ebb08978,0x00000000ec200000)
  from space 2560K, 0% used [0x00000000ec480000,0x00000000ec480000,0x00000000ec700000)
  to   space 2560K, 0% used [0x00000000ec200000,0x00000000ec200000,0x00000000ec480000)
 ParOldGen       total 44032K, used 0K [0x00000000c1600000, 0x00000000c4100000, 0x00000000eb200000)
  object space 44032K, 0% used [0x00000000c1600000,0x00000000c1600000,0x00000000c4100000)
 Metaspace       used 5011K, capacity 5976K, committed 6272K, reserved 1056768K
  class space    used 554K, capacity 584K, committed 640K, reserved 1048576K

Card table byte_map: [0x0000000011ac0000,0x0000000011cc0000] byte_map_base: 0x00000000114b5000

Marking Bits: (ParMarkBitMap*) 0x0000000063e04040
 Begin Bits: [0x0000000012210000, 0x00000000131b8000)
 End Bits:   [0x00000000131b8000, 0x0000000014160000)

Polling page: 0x0000000000ae0000

CodeCache: size=245760Kb used=2086Kb max_used=2098Kb free=243673Kb
 bounds [0x0000000002700000, 0x0000000002970000, 0x0000000011700000]
 total_blobs=737 nmethods=411 adapters=239
 compilation: enabled

Compilation events (10 events):
Event: 0.640 Thread 0x0000000014d0b800  405       3       java.lang.Character::isLetterOrDigit (5 bytes)
Event: 0.640 Thread 0x0000000014d0b800 nmethod 405 0x0000000002907c90 code [0x0000000002907e20, 0x0000000002908178]
Event: 0.642 Thread 0x0000000014d0b800  406       3       java.nio.Buffer::nextGetIndex (38 bytes)
Event: 0.642 Thread 0x0000000014d0b800 nmethod 406 0x0000000002908310 code [0x0000000002908480, 0x00000000029086a8]
Event: 0.642 Thread 0x0000000014d07800  407       4       java.lang.String::substring (79 bytes)
Event: 0.643 Thread 0x0000000014d0b800  408       1       java.util.Arrays$ArrayList::size (6 bytes)
Event: 0.643 Thread 0x0000000014d0b800 nmethod 408 0x0000000002908790 code [0x00000000029088e0, 0x00000000029089f0]
Event: 0.646 Thread 0x0000000014d0b800  409       3       java.nio.HeapByteBuffer::getShort (18 bytes)
Event: 0.647 Thread 0x0000000014d0b800 nmethod 409 0x0000000002908a90 code [0x0000000002908c60, 0x0000000002909388]
Event: 0.647 Thread 0x0000000014d0b800  410       3       java.nio.Bits::getShort (18 bytes)

GC Heap History (0 events):
No events

Deoptimization events (0 events):
No events

Internal exceptions (10 events):
Event: 0.266 Thread 0x00000000025fd800 Exception <a 'java/security/PrivilegedActionException'> (0x00000000eb648e50) thrown at [C:\re\workspace\8-2-build-windows-amd64-cygwin\jdk8u45\3627\hotspot\src\share\vm\prims\jvm.cpp, line 1382]
Event: 0.266 Thread 0x00000000025fd800 Exception <a 'java/security/PrivilegedActionException'> (0x00000000eb649008) thrown at [C:\re\workspace\8-2-build-windows-amd64-cygwin\jdk8u45\3627\hotspot\src\share\vm\prims\jvm.cpp, line 1382]
Event: 0.266 Thread 0x00000000025fd800 Exception <a 'java/security/PrivilegedActionException'> (0x00000000eb64a3e0) thrown at [C:\re\workspace\8-2-build-windows-amd64-cygwin\jdk8u45\3627\hotspot\src\share\vm\prims\jvm.cpp, line 1382]
Event: 0.266 Thread 0x00000000025fd800 Exception <a 'java/security/PrivilegedActionException'> (0x00000000eb64a598) thrown at [C:\re\workspace\8-2-build-windows-amd64-cygwin\jdk8u45\3627\hotspot\src\share\vm\prims\jvm.cpp, line 1382]
Event: 0.266 Thread 0x00000000025fd800 Exception <a 'java/security/PrivilegedActionException'> (0x00000000eb64b930) thrown at [C:\re\workspace\8-2-build-windows-amd64-cygwin\jdk8u45\3627\hotspot\src\share\vm\prims\jvm.cpp, line 1382]
Event: 0.266 Thread 0x00000000025fd800 Exception <a 'java/security/PrivilegedActionException'> (0x00000000eb64bae8) thrown at [C:\re\workspace\8-2-build-windows-amd64-cygwin\jdk8u45\3627\hotspot\src\share\vm\prims\jvm.cpp, line 1382]
Event: 0.266 Thread 0x00000000025fd800 Exception <a 'java/security/PrivilegedActionException'> (0x00000000eb64ced8) thrown at [C:\re\workspace\8-2-build-windows-amd64-cygwin\jdk8u45\3627\hotspot\src\share\vm\prims\jvm.cpp, line 1382]
Event: 0.266 Thread 0x00000000025fd800 Exception <a 'java/security/PrivilegedActionException'> (0x00000000eb64d090) thrown at [C:\re\workspace\8-2-build-windows-amd64-cygwin\jdk8u45\3627\hotspot\src\share\vm\prims\jvm.cpp, line 1382]
Event: 0.266 Thread 0x00000000025fd800 Exception <a 'java/security/PrivilegedActionException'> (0x00000000eb64e378) thrown at [C:\re\workspace\8-2-build-windows-amd64-cygwin\jdk8u45\3627\hotspot\src\share\vm\prims\jvm.cpp, line 1382]
Event: 0.266 Thread 0x00000000025fd800 Exception <a 'java/security/PrivilegedActionException'> (0x00000000eb64e530) thrown at [C:\re\workspace\8-2-build-windows-amd64-cygwin\jdk8u45\3627\hotspot\src\share\vm\prims\jvm.cpp, line 1382]

Events (10 events):
Event: 0.622 loading class org/bytedeco/javacpp/opencv_core$CvFileStorage
Event: 0.622 loading class org/bytedeco/javacpp/opencv_core$CvFileStorage done
Event: 0.622 loading class org/bytedeco/javacpp/opencv_core$IplTileInfo
Event: 0.622 loading class org/bytedeco/javacpp/opencv_core$IplTileInfo done
Event: 0.623 loading class org/bytedeco/javacpp/annotation/Opaque
Event: 0.623 loading class org/bytedeco/javacpp/annotation/Opaque done
Event: 0.644 loading class org/bytedeco/javacpp/Pointer$NativeDeallocator
Event: 0.644 loading class org/bytedeco/javacpp/Pointer$NativeDeallocator done
Event: 0.644 loading class org/bytedeco/javacpp/Pointer$DeallocatorReference
Event: 0.644 loading class org/bytedeco/javacpp/Pointer$DeallocatorReference done


Dynamic libraries:
0x00007ff70f2a0000 - 0x00007ff70f2d7000 	C:\Program Files\Java\jdk1.8.0_45\bin\javaw.exe
0x00007ffe77e00000 - 0x00007ffe77fa9000 	C:\Windows\SYSTEM32\ntdll.dll
0x00007ffe75d20000 - 0x00007ffe75e5a000 	C:\Windows\system32\KERNEL32.DLL
0x00007ffe75580000 - 0x00007ffe7568f000 	C:\Windows\system32\KERNELBASE.dll
0x00007ffe765c0000 - 0x00007ffe76665000 	C:\Windows\system32\ADVAPI32.dll
0x00007ffe762e0000 - 0x00007ffe76451000 	C:\Windows\system32\USER32.dll
0x00007ffe72c40000 - 0x00007ffe72e9a000 	C:\Windows\WinSxS\amd64_microsoft.windows.common-controls_6595b64144ccf1df_6.0.9600.16384_none_62475f7becb72503\COMCTL32.dll
0x00007ffe76050000 - 0x00007ffe760f7000 	C:\Windows\system32\msvcrt.dll
0x00007ffe75ea0000 - 0x00007ffe75ef7000 	C:\Windows\SYSTEM32\sechost.dll
0x00007ffe75a80000 - 0x00007ffe75bb6000 	C:\Windows\system32\RPCRT4.dll
0x00007ffe76470000 - 0x00007ffe765b5000 	C:\Windows\system32\GDI32.dll
0x00007ffe75e60000 - 0x00007ffe75e94000 	C:\Windows\system32\IMM32.DLL
0x00007ffe75690000 - 0x00007ffe757c9000 	C:\Windows\system32\MSCTF.dll
0x0000000063e90000 - 0x0000000063f62000 	C:\Program Files\Java\jdk1.8.0_45\jre\bin\msvcr100.dll
0x0000000063600000 - 0x0000000063e83000 	C:\Program Files\Java\jdk1.8.0_45\jre\bin\server\jvm.dll
0x00007ffe70eb0000 - 0x00007ffe70eb9000 	C:\Windows\SYSTEM32\WSOCK32.dll
0x00007ffe701f0000 - 0x00007ffe7020f000 	C:\Windows\SYSTEM32\WINMM.dll
0x00007ffe749d0000 - 0x00007ffe749da000 	C:\Windows\SYSTEM32\VERSION.dll
0x00007ffe757d0000 - 0x00007ffe757d7000 	C:\Windows\system32\PSAPI.DLL
0x00007ffe76100000 - 0x00007ffe76158000 	C:\Windows\system32\WS2_32.dll
0x00007ffe701c0000 - 0x00007ffe701ea000 	C:\Windows\SYSTEM32\WINMMBASE.dll
0x00007ffe76460000 - 0x00007ffe76469000 	C:\Windows\system32\NSI.dll
0x00007ffe75250000 - 0x00007ffe7529a000 	C:\Windows\SYSTEM32\cfgmgr32.dll
0x00007ffe73c40000 - 0x00007ffe73c66000 	C:\Windows\SYSTEM32\DEVOBJ.dll
0x00000000635f0000 - 0x00000000635ff000 	C:\Program Files\Java\jdk1.8.0_45\jre\bin\verify.dll
0x00000000635c0000 - 0x00000000635e9000 	C:\Program Files\Java\jdk1.8.0_45\jre\bin\java.dll
0x0000000063550000 - 0x0000000063566000 	C:\Program Files\Java\jdk1.8.0_45\jre\bin\zip.dll
0x00007ffe76850000 - 0x00007ffe77c5e000 	C:\Windows\system32\SHELL32.dll
0x00007ffe76670000 - 0x00007ffe76847000 	C:\Windows\SYSTEM32\combase.dll
0x00007ffe75f00000 - 0x00007ffe75f51000 	C:\Windows\system32\SHLWAPI.dll
0x00007ffe741b0000 - 0x00007ffe74251000 	C:\Windows\SYSTEM32\SHCORE.dll
0x00007ffe75180000 - 0x00007ffe75194000 	C:\Windows\SYSTEM32\profapi.dll
0x00000000606f0000 - 0x00000000607c1000 	C:\Users\jorgebc88\AppData\Local\Temp\javacpp1053377075197205\msvcr100.dll
0x0000000060650000 - 0x00000000606e8000 	C:\Users\jorgebc88\AppData\Local\Temp\javacpp1053377075197205\msvcp100.dll
0x00007ffe50080000 - 0x00007ffe50300000 	C:\Users\jorgebc88\AppData\Local\Temp\javacpp1053377075197205\opencv_core2411.dll
0x00007ffe4fe80000 - 0x00007ffe50072000 	C:\Users\jorgebc88\AppData\Local\Temp\javacpp1053377075197205\jniopencv_core.dll
0x00007ffe6d250000 - 0x00007ffe6d3d8000 	C:\Windows\SYSTEM32\dbghelp.dll

VM Arguments:
jvm_args: -Dfile.encoding=Cp1252 
java_command: Prueba
java_class_path (initial): D:\New folder\Jorge\workspace\ProyectoFinalOpenCVJunio\target\classes;C:\Users\jorgebc88\.m2\repository\org\bytedeco\javacv\0.11\javacv-0.11.jar;C:\Users\jorgebc88\.m2\repository\org\bytedeco\javacpp\0.11\javacpp-0.11.jar;C:\Users\jorgebc88\.m2\repository\org\bytedeco\javacpp-presets\opencv\2.4.11-0.11\opencv-2.4.11-0.11.jar;C:\Users\jorgebc88\.m2\repository\org\bytedeco\javacpp-presets\opencv\2.4.11-0.11\opencv-2.4.11-0.11-windows-x86_64.jar;C:\Users\jorgebc88\.m2\repository\org\bytedeco\javacpp-presets\ffmpeg\2.6.1-0.11\ffmpeg-2.6.1-0.11.jar;C:\Users\jorgebc88\.m2\repository\org\bytedeco\javacpp-presets\ffmpeg\2.6.1-0.11\ffmpeg-2.6.1-0.11-windows-x86_64.jar;C:\Users\jorgebc88\.m2\repository\org\bytedeco\javacpp-presets\flycapture\2.7.3.19-0.11\flycapture-2.7.3.19-0.11.jar;C:\Users\jorgebc88\.m2\repository\org\bytedeco\javacpp-presets\flycapture\2.7.3.19-0.11\flycapture-2.7.3.19-0.11-windows-x86_64.jar;C:\Users\jorgebc88\.m2\repository\org\bytedeco\javacpp-presets\libdc1394\2.2.3-0.11\libdc1394-2.2.3-0.11.jar;C:\Users\jorgebc88\.m2\repository\org\bytedeco\javacpp-presets\libdc1394\2.2.3-0.11\libdc1394-2.2.3-0.11-windows-x86_64.jar;C:\Users\jorgebc88\.m2\repository\org\bytedeco\javacpp-presets\libfreenect\0.5.2-0.11\libfreenect-0.5.2-0.11.jar;C:\Users\jorgebc88\.m2\repository\org\bytedeco\javacpp-presets\libfreenect\0.5.2-0.11\libfreenect-0.5.2-0.11-windows-x86_64.jar;C:\Users\jorgebc88\.m2\repository\org\bytedeco\javacpp-presets\videoinput\0.200-0.11\videoinput-0.200-0.11.jar;C:\Users\jorgebc88\.m2\repository\org\bytedeco\javacpp-presets\videoinput\0.200-0.11\videoinput-0.200-0.11-windows-x86_64.jar;C:\Users\jorgebc88\.m2\repository\org\bytedeco\javacpp-presets\artoolkitplus\2.3.1-0.11\artoolkitplus-2.3.1-0.11.jar;C:\Users\jorgebc88\.m2\repository\org\bytedeco\javacpp-presets\artoolkitplus\2.3.1-0.11\artoolkitplus-2.3.1-0.11-windows-x86_64.jar;C:\Users\jorgebc88\.m2\repository\org\bytedeco\javacpp-presets\flandmark\1.07-0.11\flandmark-1
Launcher Type: SUN_STANDARD

Environment Variables:
JAVA_HOME=C:\Program Files\Java\jdk1.8.0_45
PATH=C:\Windows\system32;C:\Windows;C:\Windows\System32\Wbem;C:\Windows\System32\WindowsPowerShell\v1.0\;C:\Program Files\Java\jdk1.8.0_45\bin\
USERNAME=jorgebc88
OS=Windows_NT
PROCESSOR_IDENTIFIER=Intel64 Family 6 Model 42 Stepping 7, GenuineIntel



---------------  S Y S T E M  ---------------

OS: Windows 8.1 , 64 bit Build 9600 (6.3.9600.16384)

CPU:total 4 (2 cores per cpu, 2 threads per core) family 6 model 42 stepping 7, cmov, cx8, fxsr, mmx, sse, sse2, sse3, ssse3, sse4.1, sse4.2, popcnt, avx, clmul, ht, tsc, tscinvbit

Memory: 4k page, physical 4096588k(1004184k free), swap 8029612k(1616984k free)

vm_info: Java HotSpot(TM) 64-Bit Server VM (25.45-b02) for windows-amd64 JRE (1.8.0_45-b15), built on Apr 30 2015 12:40:44 by "java_re" with MS VC++ 10.0 (VS2010)

time: Thu Jul 09 20:30:57 2015
elapsed time: 0 seconds (0d 0h 0m 0s)

